vite v5.4.20 building for production...
transforming...
✓ 981 modules transformed.
rendering chunks...
computing gzip size...
dist/index.html                                         2.71 kB │ gzip:   1.03 kB
dist/assets/index-2CosAgyL.css                         11.14 kB │ gzip:   2.74 kB
dist/assets/index-Ch_qCilz.js                           0.32 kB │ gzip:   0.19 kB
dist/assets/index-C_aolqmU.js                           0.51 kB │ gzip:   0.31 kB
dist/assets/codeowners-Bp6g37R7.js                      0.55 kB │ gzip:   0.32 kB
dist/assets/index-D7TIu75F.js                           0.66 kB │ gzip:   0.45 kB
dist/assets/shellsession-C_rIy8kc.js                    0.72 kB │ gzip:   0.43 kB
dist/assets/tsv-B_m7g4N7.js                             0.74 kB │ gzip:   0.34 kB
dist/assets/index-vY-h4J_N.js                           0.84 kB │ gzip:   0.42 kB
dist/assets/html-derivative-CSfWNPLT.js                 0.97 kB │ gzip:   0.53 kB
dist/assets/git-rebase-B-v9cOL2.js                      0.98 kB │ gzip:   0.44 kB
dist/assets/qmldir-C8lEn-DE.js                          1.00 kB │ gzip:   0.45 kB
dist/assets/index-B5WGYY-W.js                           1.03 kB │ gzip:   0.52 kB
dist/assets/fortran-fixed-form-TqA4NnZg.js              1.11 kB │ gzip:   0.55 kB
dist/assets/index-DgxFoqeo.js                           1.20 kB │ gzip:   0.62 kB
dist/assets/csv-B0qRVHPH.js                             1.22 kB │ gzip:   0.37 kB
dist/assets/xsl-Dd0NUgwM.js                             1.39 kB │ gzip:   0.52 kB
dist/assets/index-BPDK8emt.js                           1.46 kB │ gzip:   0.79 kB
dist/assets/sparql-bYkjHRlG.js                          1.51 kB │ gzip:   0.83 kB
dist/assets/ini-BjABl1g7.js                             1.53 kB │ gzip:   0.50 kB
dist/assets/git-commit-i4q6IMui.js                      1.55 kB │ gzip:   0.67 kB
dist/assets/index-BSAZhzZx.js                           1.64 kB │ gzip:   0.75 kB
dist/assets/dotenv-BjQB5zDj.js                          1.70 kB │ gzip:   0.64 kB
dist/assets/wenyan-7A4Fjokl.js                          1.71 kB │ gzip:   1.11 kB
dist/assets/docker-COcR7UxN.js                          1.77 kB │ gzip:   0.61 kB
dist/assets/index-CHMJxWBp.js                           1.79 kB │ gzip:   0.86 kB
dist/assets/hxml-TIA70rKU.js                            1.83 kB │ gzip:   0.90 kB
dist/assets/desktop-DEIpsLCJ.js                         2.03 kB │ gzip:   0.79 kB
dist/assets/edge-D5gP-w-T.js                            2.36 kB │ gzip:   0.70 kB
dist/assets/reg-5LuOXUq_.js                             2.37 kB │ gzip:   0.71 kB
dist/assets/berry-3xVqZejG.js                           2.45 kB │ gzip:   0.80 kB
dist/assets/erb-BYTLMnw6.js                             2.61 kB │ gzip:   0.85 kB
dist/assets/diff-BgYniUM_.js                            2.64 kB │ gzip:   0.74 kB
dist/assets/gleam-B430Bg39.js                           2.69 kB │ gzip:   0.86 kB
dist/assets/hy-BMj5Y0dO.js                              2.82 kB │ gzip:   1.19 kB
dist/assets/json-BQoSv7ci.js                            2.92 kB │ gzip:   0.81 kB
dist/assets/cairo--RitsXJZ.js                           2.95 kB │ gzip:   0.81 kB
dist/assets/log-Cc5clBb7.js                             2.97 kB │ gzip:   0.89 kB
dist/assets/jssm-P4WzXJd0.js                            2.97 kB │ gzip:   0.70 kB
dist/assets/index-WNOUaJdv.js                           3.09 kB │ gzip:   1.47 kB
dist/assets/jsonl-DREVFZK8.js                           3.10 kB │ gzip:   0.83 kB
dist/assets/jsonc-TU54ms6u.js                           3.20 kB │ gzip:   0.83 kB
dist/assets/logo-IuBKFhSY.js                            3.21 kB │ gzip:   1.48 kB
dist/assets/genie-ajMbGru0.js                           3.38 kB │ gzip:   1.22 kB
dist/assets/po-BFLt1xDp.js                              3.38 kB │ gzip:   0.99 kB
dist/assets/tasl-CQjiPCtT.js                            3.39 kB │ gzip:   0.89 kB
dist/assets/vala-BFOHcciG.js                            3.40 kB │ gzip:   1.19 kB
dist/assets/mipsasm-BC5c_5Pe.js                         3.41 kB │ gzip:   1.27 kB
dist/assets/rel-DJlmqQ1C.js                             3.43 kB │ gzip:   1.11 kB
dist/assets/json5-w8dY5SsB.js                           3.54 kB │ gzip:   0.94 kB
dist/assets/ssh-config-BknIz3MU.js                      3.61 kB │ gzip:   1.59 kB
dist/assets/fluent-Dayu4EKP.js                          3.62 kB │ gzip:   0.89 kB
dist/assets/jsonnet-BfivnA6A.js                         3.63 kB │ gzip:   1.06 kB
dist/assets/narrat-DLbgOhZU.js                          3.69 kB │ gzip:   1.11 kB
dist/assets/turtle-BMR_PYu6.js                          3.71 kB │ gzip:   0.98 kB
dist/assets/splunk-Cf8iN4DR.js                          3.92 kB │ gzip:   1.65 kB
dist/assets/glsl-DBO2IWDn.js                            3.94 kB │ gzip:   1.43 kB
dist/assets/nextflow-B0XVJmRM.js                        3.96 kB │ gzip:   1.10 kB
dist/assets/sdbl-BLhTXw86.js                            4.14 kB │ gzip:   2.12 kB
dist/assets/pascal-JqZropPD.js                          4.18 kB │ gzip:   1.68 kB
dist/assets/smalltalk-DkLiglaE.js                       4.20 kB │ gzip:   1.26 kB
dist/assets/lean-XBlWyCtg.js                            4.29 kB │ gzip:   1.33 kB
dist/assets/zenscript-HnGAYVZD.js                       4.40 kB │ gzip:   1.42 kB
dist/assets/bicep-DHo0CJ0O.js                           4.45 kB │ gzip:   1.08 kB
dist/assets/http-FRrOvY1W.js                            4.65 kB │ gzip:   1.14 kB
dist/assets/polar-DKykz6zU.js                           4.68 kB │ gzip:   1.17 kB
dist/assets/fennel-bCA53EVm.js                          4.82 kB │ gzip:   1.55 kB
dist/assets/list-item-xb9BgIlX.js                       4.90 kB │ gzip:   2.19 kB
dist/assets/tcl-DQ1-QYvQ.js                             5.02 kB │ gzip:   1.69 kB
dist/assets/bibtex-xW4inM5L.js                          5.08 kB │ gzip:   0.81 kB
dist/assets/fish-w-ucz2PV.js                            5.39 kB │ gzip:   1.69 kB
dist/assets/xml-e3z08dGr.js                             5.41 kB │ gzip:   1.23 kB
dist/assets/qml-D8XfuvdV.js                             5.42 kB │ gzip:   1.39 kB
dist/assets/zig-BVz_zdnA.js                             5.46 kB │ gzip:   1.60 kB
dist/assets/gdresource-BHYsBjWJ.js                      5.48 kB │ gzip:   1.37 kB
dist/assets/awk-eg146-Ew.js                             5.49 kB │ gzip:   1.39 kB
dist/assets/dax-ClGRhx96.js                             5.53 kB │ gzip:   2.28 kB
dist/assets/jinja-DGy0s7-h.js                           5.72 kB │ gzip:   1.42 kB
dist/assets/powerquery-CSHBycmS.js                      5.93 kB │ gzip:   1.52 kB
dist/assets/verilog-CJaU5se_.js                         5.94 kB │ gzip:   1.89 kB
dist/assets/coq-Dsg_Bt_b.js                             5.99 kB │ gzip:   2.02 kB
dist/assets/vb-CdO5JTpU.js                              6.26 kB │ gzip:   2.36 kB
dist/assets/red-bN70gL4F.js                             6.26 kB │ gzip:   1.60 kB
dist/assets/shaderlab-B7qAK45m.js                       6.27 kB │ gzip:   2.10 kB
dist/assets/min-dark-CafNBF8u.js                        6.29 kB │ gzip:   1.71 kB
dist/assets/gdshader-SKMF96pI.js                        6.37 kB │ gzip:   1.75 kB
dist/assets/prisma-B48N-Iqd.js                          6.39 kB │ gzip:   1.40 kB
dist/assets/solarized-light-L9t79GZl.js                 6.48 kB │ gzip:   1.73 kB
dist/assets/wgsl-CB0Krxn9.js                            6.49 kB │ gzip:   1.71 kB
dist/assets/postcss-B3ZDOciz.js                         6.52 kB │ gzip:   1.93 kB
dist/assets/toml-CB2ApiWb.js                            6.53 kB │ gzip:   1.31 kB
dist/assets/proto-zocC4JxJ.js                           6.57 kB │ gzip:   1.42 kB
dist/assets/talonscript-C1XDQQGZ.js                     6.71 kB │ gzip:   1.47 kB
dist/assets/cypher-m2LEI-9-.js                          6.81 kB │ gzip:   1.84 kB
dist/assets/solarized-dark-DXbdFlpD.js                  6.85 kB │ gzip:   1.80 kB
dist/assets/soy-C-lX7w71.js                             6.95 kB │ gzip:   1.68 kB
dist/assets/min-light-CTRr51gU.js                       6.97 kB │ gzip:   1.89 kB
dist/assets/clojure-DxSadP1t.js                         7.08 kB │ gzip:   1.49 kB
dist/assets/ara-7O62HKoU.js                             7.25 kB │ gzip:   2.13 kB
dist/assets/index-DlC_ioAO.js                           7.42 kB │ gzip:   2.89 kB
dist/assets/hlsl-ifBTmRxC.js                            7.61 kB │ gzip:   2.24 kB
dist/assets/riscv-QhoSD0DR.js                           7.70 kB │ gzip:   2.21 kB
dist/assets/qss-DhMKtDLN.js                             7.82 kB │ gzip:   2.59 kB
dist/assets/monokai-D4h5O-jR.js                         7.88 kB │ gzip:   1.91 kB
dist/assets/dart-B9wLZaAG.js                            7.89 kB │ gzip:   1.93 kB
dist/assets/systemd-CUnW07Te.js                         8.00 kB │ gzip:   2.57 kB
dist/assets/regexp-DWJ3fJO_.js                          8.07 kB │ gzip:   1.46 kB
dist/assets/haml-B2EZWmdv.js                            8.49 kB │ gzip:   1.87 kB
dist/assets/index-DejQUbmo.js                           8.54 kB │ gzip:   2.80 kB
dist/assets/typst-BVUVsWT6.js                           8.55 kB │ gzip:   1.70 kB
dist/assets/plsql-LKU2TuZ1.js                           8.57 kB │ gzip:   3.00 kB
dist/assets/vue-html-xdeiXROB.js                        8.70 kB │ gzip:   1.77 kB
dist/assets/scheme-BJGe-b2p.js                          8.72 kB │ gzip:   2.60 kB
dist/assets/kotlin-B5lbUyaz.js                          8.82 kB │ gzip:   2.14 kB
dist/assets/andromeeda-C3khCPGq.js                      8.86 kB │ gzip:   2.31 kB
dist/assets/make-Bvotw-X0.js                            9.01 kB │ gzip:   1.77 kB
dist/assets/dark-plus-C3mMm8J8.js                       9.10 kB │ gzip:   2.10 kB
dist/assets/slack-dark-BthQWCQV.js                      9.12 kB │ gzip:   1.97 kB
dist/assets/ts-tags-CipyTH0X.js                         9.18 kB │ gzip:   1.25 kB
dist/assets/plastic-3e1v2bzS.js                         9.30 kB │ gzip:   1.98 kB
dist/assets/tex-rYs2v40G.js                             9.37 kB │ gzip:   2.94 kB
dist/assets/sass-BJ4Li9vH.js                            9.41 kB │ gzip:   2.50 kB
dist/assets/slack-ochin-DqwNpetd.js                     9.43 kB │ gzip:   2.10 kB
dist/assets/jison-BqZprYcd.js                           9.72 kB │ gzip:   1.87 kB
dist/assets/sas-BmTFh92c.js                             9.79 kB │ gzip:   4.07 kB
dist/assets/light-plus-B7mTdjB0.js                      9.94 kB │ gzip:   2.27 kB
dist/assets/gherkin--30QC5Em.js                        10.12 kB │ gzip:   5.14 kB
dist/assets/cmake-DbXoA79R.js                          10.50 kB │ gzip:   3.59 kB
dist/assets/dream-maker-C-nORZOA.js                    10.61 kB │ gzip:   2.30 kB
dist/assets/raku-B1bQXN8T.js                           10.61 kB │ gzip:   2.96 kB
dist/assets/rst-4NLicBqY.js                            10.65 kB │ gzip:   2.42 kB
dist/assets/index-wTRyAzuf.js                          10.73 kB │ gzip:   4.18 kB
dist/assets/beancount-BwXTMy5W.js                      10.76 kB │ gzip:   1.52 kB
dist/assets/yaml-CVw76BM1.js                           10.79 kB │ gzip:   2.30 kB
dist/assets/cadence-DNquZEk8.js                        11.03 kB │ gzip:   2.32 kB
dist/assets/github-light-DAi9KRSo.js                   11.18 kB │ gzip:   2.51 kB
dist/assets/elm-CmHSxxaM.js                            11.29 kB │ gzip:   2.23 kB
dist/assets/github-dark-DHJKELXO.js                    11.41 kB │ gzip:   2.55 kB
dist/assets/prolog-BY-TUvya.js                         11.44 kB │ gzip:   3.84 kB
dist/assets/laserwave-DUszq2jm.js                      11.50 kB │ gzip:   2.58 kB
dist/assets/puppet-Cza_XSSt.js                         11.75 kB │ gzip:   2.23 kB
dist/assets/hcl-HzYwdGDm.js                            11.97 kB │ gzip:   2.51 kB
dist/assets/handlebars-BQGss363.js                     12.27 kB │ gzip:   2.39 kB
dist/assets/hjson-T-Tgc4AT.js                          12.33 kB │ gzip:   1.68 kB
dist/assets/vesper-BEBZ7ncR.js                         12.66 kB │ gzip:   1.97 kB
dist/assets/luau-Du5NY7AG.js                           12.92 kB │ gzip:   3.11 kB
dist/assets/bat-fje9CFhw.js                            12.99 kB │ gzip:   3.26 kB
dist/assets/apache-Dn00JSTd.js                         13.21 kB │ gzip:   3.79 kB
dist/assets/index-CHHYbbld.js                          13.33 kB │ gzip:   4.16 kB
dist/assets/terraform-BbSNqyBO.js                      13.38 kB │ gzip:   3.11 kB
dist/assets/vitesse-light-CVO1_9PV.js                  13.62 kB │ gzip:   3.04 kB
dist/assets/aurora-x-D-2ljcwZ.js                       13.66 kB │ gzip:   2.28 kB
dist/assets/vitesse-black-Bkuqu6BP.js                  13.68 kB │ gzip:   3.06 kB
dist/assets/v-CAQ2eGtk.js                              13.74 kB │ gzip:   2.85 kB
dist/assets/vitesse-dark-D0r3Knsf.js                   13.76 kB │ gzip:   3.06 kB
dist/assets/synthwave-84-CbfX1IO0.js                   14.04 kB │ gzip:   2.87 kB
dist/assets/index-98kKMiyN.js                          14.07 kB │ gzip:   4.02 kB
dist/assets/github-light-default-D7oLnXFd.js           14.16 kB │ gzip:   3.04 kB
dist/assets/github-light-high-contrast-BfjtVDDH.js     14.28 kB │ gzip:   3.02 kB
dist/assets/github-dark-dimmed-DH5Ifo-i.js             14.43 kB │ gzip:   3.13 kB
dist/assets/github-dark-default-Cuk6v7N8.js            14.44 kB │ gzip:   3.13 kB
dist/assets/clarity-BHOwM8T6.js                        14.55 kB │ gzip:   2.48 kB
dist/assets/actionscript-3-D_z4Izcz.js                 14.56 kB │ gzip:   2.80 kB
dist/assets/github-dark-high-contrast-E3gJ1_iC.js      14.60 kB │ gzip:   3.09 kB
dist/assets/pug-CM9l7STV.js                            14.89 kB │ gzip:   2.91 kB
dist/assets/gnuplot-CM8KxXT1.js                        14.91 kB │ gzip:   3.30 kB
dist/assets/ayu-dark-Cv9koXgw.js                       14.95 kB │ gzip:   3.08 kB
dist/assets/nix-shcSOmrb.js                            15.55 kB │ gzip:   2.35 kB
dist/assets/lua-CvWAzNxB.js                            15.62 kB │ gzip:   3.16 kB
dist/assets/wasm-C6j12Q_x.js                           15.93 kB │ gzip:   2.90 kB
dist/assets/solidity-C1w2a3ep.js                       16.23 kB │ gzip:   3.13 kB
dist/assets/svelte-MSaWC3Je.js                         16.89 kB │ gzip:   2.96 kB
dist/assets/purescript-Bg-kzb6g.js                     17.07 kB │ gzip:   2.65 kB
dist/assets/kanagawa-wave-DWedfzmr.js                  17.12 kB │ gzip:   2.93 kB
dist/assets/kanagawa-lotus-CfQXZHmo.js                 17.13 kB │ gzip:   2.93 kB
dist/assets/kanagawa-dragon-CkXjmgJE.js                17.13 kB │ gzip:   2.95 kB
dist/assets/liquid-D3W5UaiH.js                         17.17 kB │ gzip:   3.08 kB
dist/assets/cue-DtFQj3wx.js                            17.35 kB │ gzip:   2.09 kB
dist/assets/rust-Be6lgOlo.js                           17.60 kB │ gzip:   3.37 kB
dist/assets/angular-html-LfdN0zeE.js                   17.66 kB │ gzip:   3.51 kB
dist/assets/index-CayEAvHG.js                          17.70 kB │ gzip:   5.88 kB
dist/assets/graphql-cDcHW_If.js                        18.20 kB │ gzip:   2.66 kB
dist/assets/elixir-CLiX3zqd.js                         18.30 kB │ gzip:   3.22 kB
dist/assets/material-theme-D5KoaKCx.js                 18.62 kB │ gzip:   3.11 kB
dist/assets/material-theme-darker-BfHTSMKl.js          18.63 kB │ gzip:   3.11 kB
dist/assets/material-theme-ocean-CyktbL80.js           18.63 kB │ gzip:   3.14 kB
dist/assets/material-theme-lighter-B0m2ddpp.js         18.63 kB │ gzip:   3.11 kB
dist/assets/material-theme-palenight-Csfq5Kiy.js       18.64 kB │ gzip:   3.13 kB
dist/assets/gdscript-DfxzS6Rs.js                       18.65 kB │ gzip:   3.72 kB
dist/assets/abap-DsBKuouk.js                           18.82 kB │ gzip:   6.20 kB
dist/assets/marko-z0MBrx5-.js                          19.33 kB │ gzip:   3.20 kB
dist/assets/groovy-DkBy-JyN.js                         19.65 kB │ gzip:   3.78 kB
dist/assets/mdc-DB_EDNY_.js                            19.70 kB │ gzip:   6.61 kB
dist/assets/nushell-D4Tzg5kh.js                        19.75 kB │ gzip:   4.94 kB
dist/assets/matlab-D9-PGadD.js                         20.14 kB │ gzip:   3.87 kB
dist/assets/move-DB_GagMm.js                           20.24 kB │ gzip:   4.05 kB
dist/assets/glimmer-js-D-cwc0-E.js                     20.56 kB │ gzip:   3.00 kB
dist/assets/glimmer-ts-pgjy16dm.js                     20.56 kB │ gzip:   3.00 kB
dist/assets/kusto-mebxcVVE.js                          20.63 kB │ gzip:   4.55 kB
dist/assets/snazzy-light-Bw305WKR.js                   20.77 kB │ gzip:   3.83 kB
dist/assets/viml-m4uW47V2.js                           21.02 kB │ gzip:   7.24 kB
dist/assets/dracula-BzJJZx-M.js                        21.07 kB │ gzip:   4.00 kB
dist/assets/dracula-soft-BXkSAIEj.js                   21.08 kB │ gzip:   4.04 kB
dist/assets/vue-BuYVFjOK.js                            21.48 kB │ gzip:   2.89 kB
dist/assets/rose-pine-CmCqftbK.js                      21.76 kB │ gzip:   3.87 kB
dist/assets/rose-pine-moon-CjDtw9vr.js                 21.77 kB │ gzip:   3.89 kB
dist/assets/rose-pine-dawn-Ds-gbosJ.js                 21.77 kB │ gzip:   3.89 kB
dist/assets/powershell-BIEUsx6d.js                     22.26 kB │ gzip:   4.70 kB
dist/assets/apl-BBq3IX1j.js                            22.84 kB │ gzip:   4.22 kB
dist/assets/twig-NC5TFiHP.js                           23.01 kB │ gzip:   4.15 kB
dist/assets/nim-ZlGxZxc3.js                            23.63 kB │ gzip:   3.50 kB
dist/assets/vhdl-DYoNaHQp.js                           23.78 kB │ gzip:   3.86 kB
dist/assets/index-Z44o3Oys.js                          23.97 kB │ gzip:   7.85 kB
dist/assets/templ-dwX3ZSMB.js                          23.97 kB │ gzip:   5.39 kB
dist/assets/astro-CqkE3fuf.js                          24.07 kB │ gzip:   7.45 kB
dist/assets/sql-COK4E0Yg.js                            24.32 kB │ gzip:   7.68 kB
dist/assets/one-light-PoHY5YXO.js                      25.30 kB │ gzip:   3.68 kB
dist/assets/razor-CNLDkMZG.js                          25.81 kB │ gzip:   3.47 kB
dist/assets/fsharp-XplgxFYe.js                         25.83 kB │ gzip:   4.22 kB
dist/assets/nord-Ddv68eIx.js                           26.72 kB │ gzip:   4.40 kB
dist/assets/system-verilog-C7L56vO4.js                 26.77 kB │ gzip:   4.88 kB
dist/assets/bsl-Dgyn0ogV.js                            27.44 kB │ gzip:   8.92 kB
dist/assets/java-xI-RfyKK.js                           27.49 kB │ gzip:   4.33 kB
dist/assets/index-CEBVltUp.js                          27.65 kB │ gzip:   8.85 kB
dist/assets/coffee-dyiR41kL.js                         27.75 kB │ gzip:   6.42 kB
dist/assets/scss-C31hgJw-.js                           28.13 kB │ gzip:   4.43 kB
dist/assets/typespec-BpWG_bgh.js                       28.19 kB │ gzip:   2.83 kB
dist/assets/common-lisp-C7gG9l05.js                    28.50 kB │ gzip:   6.72 kB
dist/assets/night-owl-C39BiMTA.js                      28.91 kB │ gzip:   5.16 kB
dist/assets/julia-BBuGR-5E.js                          29.45 kB │ gzip:   6.13 kB
dist/assets/scala-DQVVAn-B.js                          30.49 kB │ gzip:   4.32 kB
dist/assets/applescript-Bu5BbsvL.js                    30.78 kB │ gzip:   6.35 kB
dist/assets/stylus-BeQkCIfX.js                         31.56 kB │ gzip:   8.11 kB
dist/assets/mermaid-Ci6OQyBP.js                        33.06 kB │ gzip:   4.65 kB
dist/assets/poimandres-CS3Unz2-.js                     33.49 kB │ gzip:   5.50 kB
dist/assets/codeql-sacFqUAJ.js                         33.59 kB │ gzip:   4.00 kB
dist/assets/one-dark-pro-GBQ2dnAY.js                   33.74 kB │ gzip:   5.51 kB
dist/assets/crystal-DtDmRg-F.js                        33.75 kB │ gzip:   5.59 kB
dist/assets/tokyo-night-DBQeEorK.js                    34.36 kB │ gzip:   5.97 kB
dist/assets/haxe-C5wWYbrZ.js                           35.30 kB │ gzip:   5.93 kB
dist/assets/houston-DnULxvSX.js                        35.42 kB │ gzip:   5.78 kB
dist/assets/nginx-D_VnBJ67.js                          35.73 kB │ gzip:   4.49 kB
dist/assets/erlang-B-DoSBHF.js                         36.31 kB │ gzip:   4.44 kB
dist/assets/r-CwjWoCRV.js                              36.87 kB │ gzip:  11.22 kB
dist/assets/cobol-PTqiYgYu.js                          40.58 kB │ gzip:  11.08 kB
dist/assets/asm-Dhn9LcZ4.js                            40.85 kB │ gzip:   8.18 kB
dist/assets/shellscript-atvbtKCR.js                    42.71 kB │ gzip:   6.33 kB
dist/assets/d-BoXegm-a.js                              43.01 kB │ gzip:   8.40 kB
dist/assets/haskell-BILxekzW.js                        43.21 kB │ gzip:   7.02 kB
dist/assets/perl-CHQXSrWU.js                           44.54 kB │ gzip:   4.87 kB
dist/assets/catppuccin-mocha-LGGdnPYs.js               45.61 kB │ gzip:   7.73 kB
dist/assets/catppuccin-latte-DRW-0cLl.js               45.61 kB │ gzip:   7.74 kB
dist/assets/catppuccin-frappe-CD_QflpE.js              45.62 kB │ gzip:   7.75 kB
dist/assets/catppuccin-macchiato-C-_shW-Y.js           45.62 kB │ gzip:   7.74 kB
dist/assets/apex-COJ4H7py.js                           46.81 kB │ gzip:   6.78 kB
dist/assets/ada-727ZlQH0.js                            48.53 kB │ gzip:   6.05 kB
dist/assets/ruby-DeZ3UC14.js                           51.47 kB │ gzip:   7.13 kB
dist/assets/index-BiP7EpHt.js                          52.20 kB │ gzip:  14.38 kB
dist/assets/go-B1SYOhNW.js                             52.41 kB │ gzip:   6.40 kB
dist/assets/imba-bv_oIlVt.js                           53.46 kB │ gzip:  10.21 kB
dist/assets/everforest-dark-BgDCqdQA.js                53.75 kB │ gzip:   8.42 kB
dist/assets/everforest-light-C8M2exoo.js               53.75 kB │ gzip:   8.42 kB
dist/assets/css-BPhBrDlE.js                            53.80 kB │ gzip:  13.50 kB
dist/assets/wikitext-DCE3LsBG.js                       56.62 kB │ gzip:   4.82 kB
dist/assets/markdown-UIAJJxZW.js                       56.99 kB │ gzip:   5.63 kB
dist/assets/latex-C-cWTeAZ.js                          59.42 kB │ gzip:   6.01 kB
dist/assets/stata-DorPZHa4.js                          61.01 kB │ gzip:  13.71 kB
dist/assets/html-C2L_23MC.js                           61.33 kB │ gzip:  11.99 kB
dist/assets/ballerina-Du268qiB.js                      61.63 kB │ gzip:   8.31 kB
dist/assets/ocaml-BNioltXt.js                          65.87 kB │ gzip:   5.17 kB
dist/assets/mojo-Tz6hzZYG.js                           72.57 kB │ gzip:  10.36 kB
dist/assets/python-DhUJRlN_.js                         73.53 kB │ gzip:  10.43 kB
dist/assets/c-C3t2pwGQ.js                              73.97 kB │ gzip:  10.64 kB
dist/assets/module-BvCTiNll.js                         77.23 kB │ gzip:  27.78 kB
dist/assets/vyper-nyqBNV6O.js                          78.23 kB │ gzip:  12.05 kB
dist/assets/hack-D1yCygmZ.js                           84.64 kB │ gzip:  27.60 kB
dist/assets/csharp-D9R-vmeu.js                         87.17 kB │ gzip:  10.39 kB
dist/assets/swift-BSxZ-RaX.js                          90.99 kB │ gzip:  14.55 kB
dist/assets/asciidoc-BPT9niGB.js                       93.51 kB │ gzip:   7.43 kB
dist/assets/racket-CzouJOBO.js                         97.61 kB │ gzip:  15.62 kB
dist/assets/fortran-free-form-DKXYxT9g.js              98.19 kB │ gzip:  12.37 kB
dist/assets/less-BfCpw3nA.js                          102.46 kB │ gzip:  15.13 kB
dist/assets/objective-c-Deuh7S70.js                   107.79 kB │ gzip:  23.25 kB
dist/assets/blade-a8OxSdnT.js                         108.00 kB │ gzip:  28.67 kB
dist/assets/php-B5ebYQev.js                           113.76 kB │ gzip:  28.82 kB
dist/assets/mdx-sdHcTMYB.js                           140.36 kB │ gzip:  23.62 kB
dist/assets/objective-cpp-BUEGK8hf.js                 175.60 kB │ gzip:  30.67 kB
dist/assets/javascript-ySlJ1b_l.js                    198.03 kB │ gzip:  17.45 kB
dist/assets/tsx-B6W0miNI.js                           198.75 kB │ gzip:  17.45 kB
dist/assets/index-CMBLNvLc.js                         200.53 kB │ gzip:  50.79 kB
dist/assets/jsx-BAng5TT0.js                           201.01 kB │ gzip:  17.55 kB
dist/assets/typescript-Dj6nwHGl.js                    209.02 kB │ gzip:  17.02 kB
dist/assets/angular-ts-CKsD7JZE.js                    211.78 kB │ gzip:  17.62 kB
dist/assets/wolfram-C3FkfJm5.js                       268.60 kB │ gzip:  77.05 kB
dist/assets/native-B5Vb9Oiz.js                        380.35 kB │ gzip:  82.06 kB
dist/assets/wasm-CG6Dc4jp.js                          622.34 kB │ gzip: 230.29 kB
dist/assets/cpp-BksuvNSY.js                           697.52 kB │ gzip:  50.25 kB
dist/assets/emacs-lisp-BX77sIaO.js                    804.67 kB │ gzip: 196.96 kB
dist/assets/index-C511nPze.js                       1,001.47 kB │ gzip: 307.86 kB
✓ built in 10.13s
